<?xml version="1.0" encoding="UTF-8"?>
<!-- Generated by org.testng.reporters.JUnitReportReporter -->
<testsuite skipped="0" hostname="Prashant" name="testPackage.LoginTest" tests="2" failures="0" timestamp="16 Nov 2019 10:17:43 GMT" time="2.580" errors="0">
  <testcase name="verifyLoginErrorMessage" time="2.569" classname="testPackage.LoginTest"/>
  <testcase name="verifyLogin" time="0.011" classname="testPackage.LoginTest"/>
</testsuite> <!-- testPackage.LoginTest -->
